WARNING: A terminally deprecated method in sun.misc.Unsafe has been called
WARNING: sun.misc.Unsafe::staticFieldBase has been called by com.google.inject.internal.aop.HiddenClassDefiner (file:/opt/homebrew/Cellar/maven/3.9.10/libexec/lib/guice-5.1.0-classes.jar)
WARNING: Please consider reporting this to the maintainers of class com.google.inject.internal.aop.HiddenClassDefiner
WARNING: sun.misc.Unsafe::staticFieldBase will be removed in a future release
[INFO] Scanning for projects...
[INFO] 
[INFO] -------------------------< com.store:backend >--------------------------
[INFO] Building backend 0.0.1-SNAPSHOT
[INFO]   from pom.xml
[INFO] --------------------------------[ jar ]---------------------------------
[INFO] 
[INFO] >>> spring-boot:3.5.3:run (default-cli) > test-compile @ backend >>>
[INFO] 
[INFO] --- resources:3.3.1:resources (default-resources) @ backend ---
[INFO] Copying 1 resource from src/main/resources to target/classes
[INFO] Copying 4 resources from src/main/resources to target/classes
[INFO] 
[INFO] --- compiler:3.14.0:compile (default-compile) @ backend ---
[INFO] Nothing to compile - all classes are up to date.
[INFO] 
[INFO] --- resources:3.3.1:testResources (default-testResources) @ backend ---
[INFO] Copying 1 resource from src/test/resources to target/test-classes
[INFO] 
[INFO] --- compiler:3.14.0:testCompile (default-testCompile) @ backend ---
[INFO] Recompiling the module because of changed source code.
[INFO] Compiling 9 source files with javac [debug parameters release 21] to target/test-classes
[INFO] 
[INFO] <<< spring-boot:3.5.3:run (default-cli) < test-compile @ backend <<<
[INFO] 
[INFO] 
[INFO] --- spring-boot:3.5.3:run (default-cli) @ backend ---
[INFO] Attaching agents: []

  .   ____          _            __ _ _
 /\\ / ___'_ __ _ _(_)_ __  __ _ \ \ \ \
( ( )\___ | '_ | '_| | '_ \/ _` | \ \ \ \
 \\/  ___)| |_)| | | | | || (_| |  ) ) ) )
  '  |____| .__|_| |_|_| |_\__, | / / / /
 =========|_|==============|___/=/_/_/_/

 :: Spring Boot ::                (v3.5.3)

2025-07-17T19:15:38.490-07:00  INFO 30312 --- [backend] [  restartedMain] com.store.backend.BackendApplication     : Starting BackendApplication using Java 24.0.1 with PID 30312 (/Users/chidang/webProject/backend/target/classes started by chidang in /Users/chidang/webProject/backend)
2025-07-17T19:15:38.491-07:00  INFO 30312 --- [backend] [  restartedMain] com.store.backend.BackendApplication     : No active profile set, falling back to 1 default profile: "default"
2025-07-17T19:15:38.508-07:00  INFO 30312 --- [backend] [  restartedMain] .e.DevToolsPropertyDefaultsPostProcessor : Devtools property defaults active! Set 'spring.devtools.add-properties' to 'false' to disable
2025-07-17T19:15:38.508-07:00  INFO 30312 --- [backend] [  restartedMain] .e.DevToolsPropertyDefaultsPostProcessor : For additional web related logging consider setting the 'logging.level.web' property to 'DEBUG'
2025-07-17T19:15:38.671-07:00  INFO 30312 --- [backend] [  restartedMain] .s.d.r.c.RepositoryConfigurationDelegate : Bootstrapping Spring Data MongoDB repositories in DEFAULT mode.
2025-07-17T19:15:38.687-07:00  INFO 30312 --- [backend] [  restartedMain] .s.d.r.c.RepositoryConfigurationDelegate : Finished Spring Data repository scanning in 14 ms. Found 4 MongoDB repository interfaces.
2025-07-17T19:15:38.810-07:00  INFO 30312 --- [backend] [  restartedMain] o.s.b.w.embedded.tomcat.TomcatWebServer  : Tomcat initialized with port 8080 (http)
2025-07-17T19:15:38.818-07:00  INFO 30312 --- [backend] [  restartedMain] o.apache.catalina.core.StandardService   : Starting service [Tomcat]
2025-07-17T19:15:38.818-07:00  INFO 30312 --- [backend] [  restartedMain] o.apache.catalina.core.StandardEngine    : Starting Servlet engine: [Apache Tomcat/10.1.42]
2025-07-17T19:15:38.832-07:00  INFO 30312 --- [backend] [  restartedMain] o.a.c.c.C.[Tomcat].[localhost].[/]       : Initializing Spring embedded WebApplicationContext
2025-07-17T19:15:38.832-07:00  INFO 30312 --- [backend] [  restartedMain] w.s.c.ServletWebServerApplicationContext : Root WebApplicationContext: initialization completed in 324 ms
2025-07-17T19:15:38.958-07:00  INFO 30312 --- [backend] [  restartedMain] org.mongodb.driver.client                : MongoClient with metadata {"driver": {"name": "mongo-java-driver|sync|spring-boot", "version": "5.5.1"}, "os": {"type": "Darwin", "name": "Mac OS X", "architecture": "aarch64", "version": "15.5"}, "platform": "Java/Homebrew/24.0.1"} created with settings MongoClientSettings{readPreference=primary, writeConcern=WriteConcern{w=majority, wTimeout=null ms, journal=null}, retryWrites=true, retryReads=true, readConcern=ReadConcern{level=null}, credential=MongoCredential{mechanism=null, userName='chidang0117', source='admin', password=<hidden>, mechanismProperties=<hidden>}, transportSettings=null, commandListeners=[], codecRegistry=ProvidersCodecRegistry{codecProviders=[ValueCodecProvider{}, BsonValueCodecProvider{}, DBRefCodecProvider{}, DBObjectCodecProvider{}, DocumentCodecProvider{}, CollectionCodecProvider{}, IterableCodecProvider{}, MapCodecProvider{}, GeoJsonCodecProvider{}, GridFSFileCodecProvider{}, Jsr310CodecProvider{}, JsonObjectCodecProvider{}, BsonCodecProvider{}, EnumCodecProvider{}, com.mongodb.client.model.mql.ExpressionCodecProvider@12bccaed, com.mongodb.Jep395RecordCodecProvider@4b63148a, com.mongodb.KotlinCodecProvider@5eb594]}, loggerSettings=LoggerSettings{maxDocumentLength=1000}, clusterSettings={hosts=[127.0.0.1:27017], srvHost=jewellery-cluster.kbsy688.mongodb.net, srvServiceName=mongodb, mode=MULTIPLE, requiredClusterType=REPLICA_SET, requiredReplicaSetName='atlas-4pw7on-shard-0', serverSelector='null', clusterListeners='[]', serverSelectionTimeout='30000 ms', localThreshold='15 ms'}, socketSettings=SocketSettings{connectTimeoutMS=10000, readTimeoutMS=0, receiveBufferSize=0, proxySettings=ProxySettings{host=null, port=null, username=null, password=null}}, heartbeatSocketSettings=SocketSettings{connectTimeoutMS=10000, readTimeoutMS=10000, receiveBufferSize=0, proxySettings=ProxySettings{host=null, port=null, username=null, password=null}}, connectionPoolSettings=ConnectionPoolSettings{maxSize=100, minSize=0, maxWaitTimeMS=120000, maxConnectionLifeTimeMS=0, maxConnectionIdleTimeMS=0, maintenanceInitialDelayMS=0, maintenanceFrequencyMS=60000, connectionPoolListeners=[], maxConnecting=2}, serverSettings=ServerSettings{heartbeatFrequencyMS=10000, minHeartbeatFrequencyMS=500, serverMonitoringMode=AUTO, serverListeners='[]', serverMonitorListeners='[]'}, sslSettings=SslSettings{enabled=true, invalidHostNameAllowed=false, context=null}, applicationName='null', compressorList=[], uuidRepresentation=JAVA_LEGACY, serverApi=null, autoEncryptionSettings=null, dnsClient=null, inetAddressResolver=null, contextProvider=null, timeoutMS=null}
2025-07-17T19:15:39.002-07:00  INFO 30312 --- [backend] [688.mongodb.net] org.mongodb.driver.cluster               : Adding discovered server ac-kmzrnn4-shard-00-01.kbsy688.mongodb.net:27017 to client view of cluster
2025-07-17T19:15:39.010-07:00  INFO 30312 --- [backend] [688.mongodb.net] org.mongodb.driver.cluster               : Adding discovered server ac-kmzrnn4-shard-00-02.kbsy688.mongodb.net:27017 to client view of cluster
2025-07-17T19:15:39.011-07:00  INFO 30312 --- [backend] [688.mongodb.net] org.mongodb.driver.cluster               : Adding discovered server ac-kmzrnn4-shard-00-00.kbsy688.mongodb.net:27017 to client view of cluster
2025-07-17T19:15:39.055-07:00  INFO 30312 --- [backend] [  restartedMain] o.s.b.d.a.OptionalLiveReloadServer       : LiveReload server is running on port 35729
2025-07-17T19:15:39.241-07:00  INFO 30312 --- [backend] [  restartedMain] o.s.b.w.embedded.tomcat.TomcatWebServer  : Tomcat started on port 8080 (http) with context path '/'
2025-07-17T19:15:39.245-07:00  INFO 30312 --- [backend] [  restartedMain] com.store.backend.BackendApplication     : Started BackendApplication in 0.87 seconds (process running for 0.996)
2025-07-17T19:15:39.439-07:00  INFO 30312 --- [backend] [ngodb.net:27017] org.mongodb.driver.cluster               : Monitor thread successfully connected to server with description ServerDescription{address=ac-kmzrnn4-shard-00-00.kbsy688.mongodb.net:27017, type=REPLICA_SET_SECONDARY, cryptd=false, state=CONNECTED, ok=true, minWireVersion=0, maxWireVersion=25, maxDocumentSize=16777216, logicalSessionTimeoutMinutes=30, roundTripTimeNanos=180860459, minRoundTripTimeNanos=0, setName='atlas-4pw7on-shard-0', canonicalAddress=ac-kmzrnn4-shard-00-00.kbsy688.mongodb.net:27017, hosts=[ac-kmzrnn4-shard-00-00.kbsy688.mongodb.net:27017, ac-kmzrnn4-shard-00-01.kbsy688.mongodb.net:27017, ac-kmzrnn4-shard-00-02.kbsy688.mongodb.net:27017], passives=[], arbiters=[], primary='ac-kmzrnn4-shard-00-02.kbsy688.mongodb.net:27017', tagSet=TagSet{[Tag{name='availabilityZone', value='usw2-az1'}, Tag{name='diskState', value='READY'}, Tag{name='nodeType', value='ELECTABLE'}, Tag{name='provider', value='AWS'}, Tag{name='region', value='US_WEST_2'}, Tag{name='workloadType', value='OPERATIONAL'}]}, electionId=null, setVersion=30, topologyVersion=TopologyVersion{processId=68701c2b5bb522389086625e, counter=4}, lastWriteDate=Thu Jul 17 19:15:39 PDT 2025, lastUpdateTimeNanos=1071982893457083}
2025-07-17T19:15:39.439-07:00  INFO 30312 --- [backend] [ngodb.net:27017] org.mongodb.driver.cluster               : Monitor thread successfully connected to server with description ServerDescription{address=ac-kmzrnn4-shard-00-02.kbsy688.mongodb.net:27017, type=REPLICA_SET_PRIMARY, cryptd=false, state=CONNECTED, ok=true, minWireVersion=0, maxWireVersion=25, maxDocumentSize=16777216, logicalSessionTimeoutMinutes=30, roundTripTimeNanos=213535792, minRoundTripTimeNanos=0, setName='atlas-4pw7on-shard-0', canonicalAddress=ac-kmzrnn4-shard-00-02.kbsy688.mongodb.net:27017, hosts=[ac-kmzrnn4-shard-00-00.kbsy688.mongodb.net:27017, ac-kmzrnn4-shard-00-01.kbsy688.mongodb.net:27017, ac-kmzrnn4-shard-00-02.kbsy688.mongodb.net:27017], passives=[], arbiters=[], primary='ac-kmzrnn4-shard-00-02.kbsy688.mongodb.net:27017', tagSet=TagSet{[Tag{name='availabilityZone', value='usw2-az3'}, Tag{name='diskState', value='READY'}, Tag{name='nodeType', value='ELECTABLE'}, Tag{name='provider', value='AWS'}, Tag{name='region', value='US_WEST_2'}, Tag{name='workloadType', value='OPERATIONAL'}]}, electionId=7fffffff000000000000012f, setVersion=30, topologyVersion=TopologyVersion{processId=68701c5beb99f4d49ba65c41, counter=6}, lastWriteDate=Thu Jul 17 19:15:39 PDT 2025, lastUpdateTimeNanos=1071982893457083}
2025-07-17T19:15:39.439-07:00  INFO 30312 --- [backend] [ngodb.net:27017] org.mongodb.driver.cluster               : Monitor thread successfully connected to server with description ServerDescription{address=ac-kmzrnn4-shard-00-01.kbsy688.mongodb.net:27017, type=REPLICA_SET_SECONDARY, cryptd=false, state=CONNECTED, ok=true, minWireVersion=0, maxWireVersion=25, maxDocumentSize=16777216, logicalSessionTimeoutMinutes=30, roundTripTimeNanos=197640375, minRoundTripTimeNanos=0, setName='atlas-4pw7on-shard-0', canonicalAddress=ac-kmzrnn4-shard-00-01.kbsy688.mongodb.net:27017, hosts=[ac-kmzrnn4-shard-00-00.kbsy688.mongodb.net:27017, ac-kmzrnn4-shard-00-01.kbsy688.mongodb.net:27017, ac-kmzrnn4-shard-00-02.kbsy688.mongodb.net:27017], passives=[], arbiters=[], primary='ac-kmzrnn4-shard-00-02.kbsy688.mongodb.net:27017', tagSet=TagSet{[Tag{name='availabilityZone', value='usw2-az2'}, Tag{name='diskState', value='READY'}, Tag{name='nodeType', value='ELECTABLE'}, Tag{name='provider', value='AWS'}, Tag{name='region', value='US_WEST_2'}, Tag{name='workloadType', value='OPERATIONAL'}]}, electionId=null, setVersion=30, topologyVersion=TopologyVersion{processId=68701c8ae70eaab3a75d98c1, counter=3}, lastWriteDate=Thu Jul 17 19:15:39 PDT 2025, lastUpdateTimeNanos=1071982893457125}
2025-07-17T19:15:39.441-07:00  INFO 30312 --- [backend] [ngodb.net:27017] org.mongodb.driver.cluster               : Discovered replica set primary ac-kmzrnn4-shard-00-02.kbsy688.mongodb.net:27017 with max election id 7fffffff000000000000012f and max set version 30
2025-07-17T19:19:01.535-07:00  INFO 30312 --- [backend] [ionShutdownHook] o.s.b.w.e.tomcat.GracefulShutdown        : Commencing graceful shutdown. Waiting for active requests to complete
2025-07-17T19:19:01.542-07:00  INFO 30312 --- [backend] [tomcat-shutdown] o.s.b.w.e.tomcat.GracefulShutdown        : Graceful shutdown complete
[INFO] ------------------------------------------------------------------------
[INFO] BUILD SUCCESS
[INFO] ------------------------------------------------------------------------
[INFO] Total time:  03:24 min
[INFO] Finished at: 2025-07-17T19:19:01-07:00
[INFO] ------------------------------------------------------------------------
